<?xml version="1.0" encoding="UTF-8"?>
<testng-results skipped="0" failed="0" ignored="0" total="1" passed="1">
  <reporter-output>
  </reporter-output>
  <suite name="Suite" duration-ms="13709" started-at="2021-02-12T05:48:42Z" finished-at="2021-02-12T05:48:56Z">
    <groups>
    </groups>
    <test name="Test" duration-ms="13709" started-at="2021-02-12T05:48:42Z" finished-at="2021-02-12T05:48:56Z">
      <class name="weekone.FacebookSignup">
        <test-method status="PASS" signature="fb()[pri:0, instance:weekone.FacebookSignup@457e2f02]" name="fb" duration-ms="13671" started-at="2021-02-12T05:48:42Z" finished-at="2021-02-12T05:48:56Z">
          <reporter-output>
          </reporter-output>
        </test-method> <!-- fb -->
      </class> <!-- weekone.FacebookSignup -->
    </test> <!-- Test -->
  </suite> <!-- Suite -->
</testng-results>
